# JRE version: Java(TM) SE Runtime Environment (7.0_79-b15) (build 1.7.0_79-b15)
# Java VM: Java HotSpot(TM) 64-Bit Server VM (24.79-b02 mixed mode windows-amd64 compressed oops)
Heap
 PSYoungGen      total 18432K, used 7895K [0x00000000f5e80000, 0x00000000f7180000, 0x0000000100000000)
  eden space 17408K, 39% used [0x00000000f5e80000,0x00000000f6538148,0x00000000f6f80000)
  from space 1024K, 99% used [0x00000000f7080000,0x00000000f717dc70,0x00000000f7180000)
  to   space 1024K, 0% used [0x00000000f6f80000,0x00000000f6f80000,0x00000000f7080000)
 ParOldGen       total 20480K, used 8463K [0x00000000e1c00000, 0x00000000e3000000, 0x00000000f5e80000)
  object space 20480K, 41% used [0x00000000e1c00000,0x00000000e2443e98,0x00000000e3000000)
 PSPermGen       total 21504K, used 18923K [0x00000000dca00000, 0x00000000ddf00000, 0x00000000e1c00000)
  object space 21504K, 88% used [0x00000000dca00000,0x00000000ddc7ae68,0x00000000ddf00000)
GC Heap History (10 events):
Event: 1.384 GC heap before
{Heap before GC invocations=2 (full 0):
 PSYoungGen      total 9728K, used 9688K [0x00000000f5e80000, 0x00000000f6900000, 0x0000000100000000)
  eden space 8704K, 99% used [0x00000000f5e80000,0x00000000f66fb940,0x00000000f6700000)
  from space 1024K, 97% used [0x00000000f6700000,0x00000000f67fa830,0x00000000f6800000)
  to   space 1024K, 0% used [0x00000000f6800000,0x00000000f6800000,0x00000000f6900000)
 ParOldGen       total 20480K, used 157K [0x00000000e1c00000, 0x00000000e3000000, 0x00000000f5e80000)
  object space 20480K, 0% used [0x00000000e1c00000,0x00000000e1c274b0,0x00000000e3000000)
 PSPermGen       total 21504K, used 3319K [0x00000000dca00000, 0x00000000ddf00000, 0x00000000e1c00000)
  object space 21504K, 15% used [0x00000000dca00000,0x00000000dcd3dd68,0x00000000ddf00000)
Event: 1.388 GC heap after
Heap after GC invocations=2 (full 0):
 PSYoungGen      total 9728K, used 713K [0x00000000f5e80000, 0x00000000f7180000, 0x0000000100000000)
  eden space 8704K, 0% used [0x00000000f5e80000,0x00000000f5e80000,0x00000000f6700000)
  from space 1024K, 69% used [0x00000000f6800000,0x00000000f68b26f0,0x00000000f6900000)
  to   space 1024K, 0% used [0x00000000f6700000,0x00000000f6700000,0x00000000f6800000)
 ParOldGen       total 20480K, used 157K [0x00000000e1c00000, 0x00000000e3000000, 0x00000000f5e80000)
  object space 20480K, 0% used [0x00000000e1c00000,0x00000000e1c274b0,0x00000000e3000000)
 PSPermGen       total 21504K, used 3319K [0x00000000dca00000, 0x00000000ddf00000, 0x00000000e1c00000)
  object space 21504K, 15% used [0x00000000dca00000,0x00000000dcd3dd68,0x00000000ddf00000)
}
Event: 4.535 GC heap before
{Heap before GC invocations=3 (full 0):
 PSYoungGen      total 9728K, used 9417K [0x00000000f5e80000, 0x00000000f7180000, 0x0000000100000000)
  eden space 8704K, 100% used [0x00000000f5e80000,0x00000000f6700000,0x00000000f6700000)
  from space 1024K, 69% used [0x00000000f6800000,0x00000000f68b26f0,0x00000000f6900000)
  to   space 1024K, 0% used [0x00000000f6700000,0x00000000f6700000,0x00000000f6800000)
 ParOldGen       total 20480K, used 157K [0x00000000e1c00000, 0x00000000e3000000, 0x00000000f5e80000)
  object space 20480K, 0% used [0x00000000e1c00000,0x00000000e1c274b0,0x00000000e3000000)
 PSPermGen       total 21504K, used 8312K [0x00000000dca00000, 0x00000000ddf00000, 0x00000000e1c00000)
  object space 21504K, 38% used [0x00000000dca00000,0x00000000dd21e010,0x00000000ddf00000)
Event: 4.545 GC heap after
Heap after GC invocations=3 (full 0):
 PSYoungGen      total 9728K, used 1015K [0x00000000f5e80000, 0x00000000f7180000, 0x0000000100000000)
  eden space 8704K, 0% used [0x00000000f5e80000,0x00000000f5e80000,0x00000000f6700000)
  from space 1024K, 99% used [0x00000000f6700000,0x00000000f67fdc90,0x00000000f6800000)
  to   space 1024K, 0% used [0x00000000f7080000,0x00000000f7080000,0x00000000f7180000)
 ParOldGen       total 20480K, used 1214K [0x00000000e1c00000, 0x00000000e3000000, 0x00000000f5e80000)
  object space 20480K, 5% used [0x00000000e1c00000,0x00000000e1d2f8a8,0x00000000e3000000)
 PSPermGen       total 21504K, used 8312K [0x00000000dca00000, 0x00000000ddf00000, 0x00000000e1c00000)
  object space 21504K, 38% used [0x00000000dca00000,0x00000000dd21e010,0x00000000ddf00000)
}
Event: 6.180 GC heap before
{Heap before GC invocations=4 (full 0):
 PSYoungGen      total 9728K, used 9691K [0x00000000f5e80000, 0x00000000f7180000, 0x0000000100000000)
  eden space 8704K, 99% used [0x00000000f5e80000,0x00000000f66f8f98,0x00000000f6700000)
  from space 1024K, 99% used [0x00000000f6700000,0x00000000f67fdc90,0x00000000f6800000)
  to   space 1024K, 0% used [0x00000000f7080000,0x00000000f7080000,0x00000000f7180000)
 ParOldGen       total 20480K, used 1214K [0x00000000e1c00000, 0x00000000e3000000, 0x00000000f5e80000)
  object space 20480K, 5% used [0x00000000e1c00000,0x00000000e1d2f8a8,0x00000000e3000000)
 PSPermGen       total 21504K, used 9947K [0x00000000dca00000, 0x00000000ddf00000, 0x00000000e1c00000)
  object space 21504K, 46% used [0x00000000dca00000,0x00000000dd3b6f28,0x00000000ddf00000)
Event: 6.191 GC heap after
Heap after GC invocations=4 (full 0):
 PSYoungGen      total 18432K, used 998K [0x00000000f5e80000, 0x00000000f7180000, 0x0000000100000000)
  eden space 17408K, 0% used [0x00000000f5e80000,0x00000000f5e80000,0x00000000f6f80000)
  from space 1024K, 97% used [0x00000000f7080000,0x00000000f71798b0,0x00000000f7180000)
  to   space 1024K, 0% used [0x00000000f6f80000,0x00000000f6f80000,0x00000000f7080000)
 ParOldGen       total 20480K, used 2547K [0x00000000e1c00000, 0x00000000e3000000, 0x00000000f5e80000)
  object space 20480K, 12% used [0x00000000e1c00000,0x00000000e1e7ce08,0x00000000e3000000)
 PSPermGen       total 21504K, used 9947K [0x00000000dca00000, 0x00000000ddf00000, 0x00000000e1c00000)
  object space 21504K, 46% used [0x00000000dca00000,0x00000000dd3b6f28,0x00000000ddf00000)
}
Event: 12.931 GC heap before
{Heap before GC invocations=5 (full 0):
 PSYoungGen      total 18432K, used 18406K [0x00000000f5e80000, 0x00000000f7180000, 0x0000000100000000)
  eden space 17408K, 100% used [0x00000000f5e80000,0x00000000f6f80000,0x00000000f6f80000)
  from space 1024K, 97% used [0x00000000f7080000,0x00000000f71798b0,0x00000000f7180000)
  to   space 1024K, 0% used [0x00000000f6f80000,0x00000000f6f80000,0x00000000f7080000)
 ParOldGen       total 20480K, used 2547K [0x00000000e1c00000, 0x00000000e3000000, 0x00000000f5e80000)
  object space 20480K, 12% used [0x00000000e1c00000,0x00000000e1e7ce08,0x00000000e3000000)
 PSPermGen       total 21504K, used 14734K [0x00000000dca00000, 0x00000000ddf00000, 0x00000000e1c00000)
  object space 21504K, 68% used [0x00000000dca00000,0x00000000dd8638d0,0x00000000ddf00000)
Event: 12.947 GC heap after
Heap after GC invocations=5 (full 0):
 PSYoungGen      total 18432K, used 1015K [0x00000000f5e80000, 0x00000000f7180000, 0x0000000100000000)
  eden space 17408K, 0% used [0x00000000f5e80000,0x00000000f5e80000,0x00000000f6f80000)
  from space 1024K, 99% used [0x00000000f6f80000,0x00000000f707dc70,0x00000000f7080000)
  to   space 1024K, 0% used [0x00000000f7080000,0x00000000f7080000,0x00000000f7180000)
 ParOldGen       total 20480K, used 5735K [0x00000000e1c00000, 0x00000000e3000000, 0x00000000f5e80000)
  object space 20480K, 28% used [0x00000000e1c00000,0x00000000e2199cb8,0x00000000e3000000)
 PSPermGen       total 21504K, used 14734K [0x00000000dca00000, 0x00000000ddf00000, 0x00000000e1c00000)
  object space 21504K, 68% used [0x00000000dca00000,0x00000000dd8638d0,0x00000000ddf00000)
}
Event: 15.752 GC heap before
{Heap before GC invocations=6 (full 0):
 PSYoungGen      total 18432K, used 18423K [0x00000000f5e80000, 0x00000000f7180000, 0x0000000100000000)
  eden space 17408K, 100% used [0x00000000f5e80000,0x00000000f6f80000,0x00000000f6f80000)
  from space 1024K, 99% used [0x00000000f6f80000,0x00000000f707dc70,0x00000000f7080000)
  to   space 1024K, 0% used [0x00000000f7080000,0x00000000f7080000,0x00000000f7180000)
 ParOldGen       total 20480K, used 5735K [0x00000000e1c00000, 0x00000000e3000000, 0x00000000f5e80000)
  object space 20480K, 28% used [0x00000000e1c00000,0x00000000e2199cb8,0x00000000e3000000)
 PSPermGen       total 21504K, used 18014K [0x00000000dca00000, 0x00000000ddf00000, 0x00000000e1c00000)
  object space 21504K, 83% used [0x00000000dca00000,0x00000000ddb97a50,0x00000000ddf00000)
Event: 15.770 GC heap after
Heap after GC invocations=6 (full 0):
 PSYoungGen      total 18432K, used 1015K [0x00000000f5e80000, 0x00000000f7180000, 0x0000000100000000)
  eden space 17408K, 0% used [0x00000000f5e80000,0x00000000f5e80000,0x00000000f6f80000)
  from space 1024K, 99% used [0x00000000f7080000,0x00000000f717dc70,0x00000000f7180000)
  to   space 1024K, 0% used [0x00000000f6f80000,0x00000000f6f80000,0x00000000f7080000)
 ParOldGen       total 20480K, used 8463K [0x00000000e1c00000, 0x00000000e3000000, 0x00000000f5e80000)
  object space 20480K, 41% used [0x00000000e1c00000,0x00000000e2443e98,0x00000000e3000000)
 PSPermGen       total 21504K, used 18014K [0x00000000dca00000, 0x00000000ddf00000, 0x00000000e1c00000)
  object space 21504K, 83% used [0x00000000dca00000,0x00000000ddb97a50,0x00000000ddf00000)
}

